2019-11-03 19:03:15.749 DEBUG ConfigurationBean - Loading configuration params...
2019-11-03 19:03:15.865 DEBUG ConfigurationBean - MAIL.HOST = smtp.gmail.com
2019-11-03 19:03:15.865 DEBUG ConfigurationBean - MAIL.PASSWORD = Changeisgood1234
2019-11-03 19:03:15.865 DEBUG ConfigurationBean - MAIL.PORT = 587
2019-11-03 19:03:15.865 DEBUG ConfigurationBean - MAIL.PROTOCOL = smtp
2019-11-03 19:03:15.865 DEBUG ConfigurationBean - MAIL.SENDER = pureshotssupp@gmail.com
2019-11-03 19:03:15.865 DEBUG ConfigurationBean - MAIL.USERNAME = pureshotssupp@gmail.com
2019-11-03 19:03:15.958 DEBUG ConfigurationBean - APPURL = http://127.0.0.1:8085/StoryCom
2019-11-03 19:03:15.958 DEBUG ConfigurationBean - Configuration params loaded.
2019-11-03 19:03:17.361 DEBUG LogAspect - HomeController -> addAttributes begin --
2019-11-03 19:03:17.366 DEBUG LogAspect - HomeController -> addAttributes ended in 4.2271 millis --
2019-11-03 19:03:17.367 DEBUG LogAspect - HomeController -> home begin --
2019-11-03 19:03:17.367 DEBUG LogAspect - HomeController -> home ended in 0.2468 millis --
2019-11-03 19:46:58.828 DEBUG ConfigurationBean - Loading configuration params...
2019-11-03 19:46:58.949 DEBUG ConfigurationBean - MAIL.HOST = smtp.gmail.com
2019-11-03 19:46:58.949 DEBUG ConfigurationBean - MAIL.PASSWORD = Changeisgood1234
2019-11-03 19:46:58.949 DEBUG ConfigurationBean - MAIL.PORT = 587
2019-11-03 19:46:58.949 DEBUG ConfigurationBean - MAIL.PROTOCOL = smtp
2019-11-03 19:46:58.950 DEBUG ConfigurationBean - MAIL.SENDER = pureshotssupp@gmail.com
2019-11-03 19:46:58.950 DEBUG ConfigurationBean - MAIL.USERNAME = pureshotssupp@gmail.com
2019-11-03 19:46:59.053 DEBUG ConfigurationBean - APPURL = http://127.0.0.1:8085/StoryCom
2019-11-03 19:46:59.053 DEBUG ConfigurationBean - Configuration params loaded.
2019-11-03 19:47:01.237 DEBUG LogAspect - HomeController -> addAttributes begin --
2019-11-03 19:47:01.241 DEBUG LogAspect - HomeController -> addAttributes ended in 3.4466 millis --
2019-11-03 19:47:01.243 DEBUG LogAspect - HomeController -> home begin --
2019-11-03 19:47:01.243 DEBUG LogAspect - HomeController -> home ended in 0.2138 millis --
2019-11-03 21:08:25.695 DEBUG ConfigurationBean - Loading configuration params...
2019-11-03 21:08:25.812 DEBUG ConfigurationBean - MAIL.HOST = smtp.gmail.com
2019-11-03 21:08:25.812 DEBUG ConfigurationBean - MAIL.PASSWORD = Changeisgood1234
2019-11-03 21:08:25.812 DEBUG ConfigurationBean - MAIL.PORT = 587
2019-11-03 21:08:25.812 DEBUG ConfigurationBean - MAIL.PROTOCOL = smtp
2019-11-03 21:08:25.812 DEBUG ConfigurationBean - MAIL.SENDER = pureshotssupp@gmail.com
2019-11-03 21:08:25.812 DEBUG ConfigurationBean - MAIL.USERNAME = pureshotssupp@gmail.com
2019-11-03 21:08:25.910 DEBUG ConfigurationBean - APPURL = http://127.0.0.1:8085/StoryCom
2019-11-03 21:08:25.910 DEBUG ConfigurationBean - Configuration params loaded.
2019-11-03 21:08:28.017 DEBUG LogAspect - HomeController -> addAttributes begin --
2019-11-03 21:08:28.026 DEBUG LogAspect - HomeController -> addAttributes ended in 8.0078 millis --
2019-11-03 21:08:28.027 DEBUG LogAspect - HomeController -> home begin --
2019-11-03 21:08:28.028 DEBUG LogAspect - HomeController -> home ended in 0.5675 millis --
